<?xml version="1.0" encoding="UTF-8"?>
<testsuite name="Scenario: Resetting after one increment" tests="5" skipped="2" failures="0" errors="0" timestamp="2018-11-18T16:50:52" hostname="blacksheepUbuntu" time="0.003">
  <properties/>
  <testcase name="Given Counter is initialized" classname="Scenario: Resetting after one increment" time="0.001"/>
  <testcase name="When it is incremented" classname="Scenario: Resetting after one increment" time="0.0"/>
  <testcase name="And it is reset" classname="Scenario: Resetting after one increment" time="0.0">
    <skipped/>
  </testcase>
  <testcase name="Then the value should be 0" classname="Scenario: Resetting after one increment" time="0.0">
    <skipped/>
  </testcase>
  <testcase name="classMethod" classname="Scenario: Resetting after one increment" time="0.003"/>
  <system-out><![CDATA[]]></system-out>
  <system-err><![CDATA[]]></system-err>
</testsuite>
