<?xml version="1.0" encoding="UTF-8"?>
<testsuite name="Scenario: Resetting after incrementing with several values" tests="5" skipped="2" failures="0" errors="0" timestamp="2018-11-18T16:50:52" hostname="blacksheepUbuntu" time="0.001">
  <properties/>
  <testcase name="Given Counter is initialized" classname="Scenario: Resetting after incrementing with several values" time="0.0"/>
  <testcase name="When it is incremented by 5" classname="Scenario: Resetting after incrementing with several values" time="0.0"/>
  <testcase name="And it is reset" classname="Scenario: Resetting after incrementing with several values" time="0.0">
    <skipped/>
  </testcase>
  <testcase name="Then the value should be 0" classname="Scenario: Resetting after incrementing with several values" time="0.0">
    <skipped/>
  </testcase>
  <testcase name="classMethod" classname="Scenario: Resetting after incrementing with several values" time="0.002"/>
  <system-out><![CDATA[
  Scenario: Resetting after one increment ?[90m# ohtu/resetingCounter.feature:3?[0m
    ?[32mGiven ?[0m?[32mCounter is initialized?[0m          ?[90m# Stepdefs.counter_is_initialized()?[0m
    ?[32mWhen ?[0m?[32mit is incremented?[0m                ?[90m# Stepdefs.it_is_incremented()?[0m
    ?[33mAnd ?[0m?[33mit is reset?[0m
    ?[36mThen ?[0m?[36mthe value should be ?[0m?[36m?[1m0?[0m            ?[90m# Stepdefs.the_value_should_be(int)?[0m
]]></system-out>
  <system-err><![CDATA[]]></system-err>
</testsuite>
