<?xml version="1.0" encoding="UTF-8"?>
<testsuite name="Scenario: creation is successful with valid username and password" tests="4" skipped="3" failures="0" errors="0" timestamp="2018-11-18T17:42:51" hostname="blacksheepUbuntu" time="0.031">
  <properties/>
  <testcase name="Given command new user is selected" classname="Scenario: creation is successful with valid username and password" time="0.0">
    <skipped/>
  </testcase>
  <testcase name="When username &quot;user&quot; and password &quot;password123&quot; are entered" classname="Scenario: creation is successful with valid username and password" time="0.0">
    <skipped/>
  </testcase>
  <testcase name="Then system will respond with &quot;new user registered&quot;" classname="Scenario: creation is successful with valid username and password" time="0.0">
    <skipped/>
  </testcase>
  <testcase name="classMethod" classname="Scenario: creation is successful with valid username and password" time="0.032"/>
  <system-out><![CDATA[]]></system-out>
  <system-err><![CDATA[]]></system-err>
</testsuite>
