<?xml version="1.0" encoding="UTF-8"?>
<testsuite name="Scenario: creation fails with already taken username and valid password" tests="4" skipped="3" failures="0" errors="0" timestamp="2018-11-18T17:42:52" hostname="blacksheepUbuntu" time="0.006">
  <properties/>
  <testcase name="Given command new user is selected" classname="Scenario: creation fails with already taken username and valid password" time="0.0">
    <skipped/>
  </testcase>
  <testcase name="When username &quot;pekka&quot; and password &quot;akkep&quot; are entered" classname="Scenario: creation fails with already taken username and valid password" time="0.0">
    <skipped/>
  </testcase>
  <testcase name="Then system will respond with &quot;new user not registered&quot;" classname="Scenario: creation fails with already taken username and valid password" time="0.0">
    <skipped/>
  </testcase>
  <testcase name="classMethod" classname="Scenario: creation fails with already taken username and valid password" time="0.008"/>
  <system-out><![CDATA[
  Scenario: creation is successful with valid username and password ?[90m# ohtu/new_user.feature:3?[0m
    ?[33mGiven ?[0m?[33mcommand new user is selected?[0m
    ?[36mWhen ?[0m?[36musername "?[0m?[36m?[1muser?[0m?[36m" and password "?[0m?[36m?[1mpassword123?[0m?[36m" are entered?[0m     ?[90m# Stepdefs.a_username_and_password_are_entered(String,String)?[0m
    ?[36mThen ?[0m?[36msystem will respond with "?[0m?[36m?[1mnew user registered?[0m?[36m"?[0m             ?[90m# Stepdefs.system_will_respond_with(String)?[0m
]]></system-out>
  <system-err><![CDATA[]]></system-err>
</testsuite>
